Started GET "/api/v1/users" for 127.0.0.1 at 2021-11-12 12:28:45 +0200
Processing by Api::V1::UsersController#index as HTML
Completed 500 Internal Server Error in 14ms (Allocations: 12996)
  
ActiveRecord::ConnectionNotEstablished (FATAL:  Peer authentication failed for user "rest_api_guide"
):
  
app/controllers/api/v1/users_controller.rb:6:in `index'
Started GET "/api/v1/users" for 127.0.0.1 at 2021-11-12 12:30:25 +0200
Processing by Api::V1::UsersController#index as HTML
Completed 500 Internal Server Error in 2ms (Allocations: 458)
  
ActiveRecord::ConnectionNotEstablished (FATAL:  Peer authentication failed for user "rest_api_guide"
):
  
app/controllers/api/v1/users_controller.rb:6:in `index'
Started GET "/api/v1/user" for 127.0.0.1 at 2021-11-12 12:30:29 +0200
  
ActionController::RoutingError (No route matches [GET] "/api/v1/user"):
  
Started GET "/api/v1/user" for 127.0.0.1 at 2021-11-12 12:31:17 +0200
  
ActionController::RoutingError (No route matches [GET] "/api/v1/user"):
  
Started GET "/" for 127.0.0.1 at 2021-11-12 12:32:30 +0200
  
ActionController::RoutingError (No route matches [GET] "/"):
  
Started GET "/api" for 127.0.0.1 at 2021-11-12 12:32:42 +0200
  
ActionController::RoutingError (No route matches [GET] "/api"):
  
Started GET "/api/v1" for 127.0.0.1 at 2021-11-12 12:32:47 +0200
  
ActionController::RoutingError (No route matches [GET] "/api/v1"):
  
Started GET "/api/v1/users" for 127.0.0.1 at 2021-11-12 12:32:51 +0200
Processing by Api::V1::UsersController#index as HTML
Completed 500 Internal Server Error in 15ms (Allocations: 12989)
  
ActiveRecord::ConnectionNotEstablished (FATAL:  Peer authentication failed for user "rest_api_guide"
):
  
app/controllers/api/v1/users_controller.rb:6:in `index'
Started GET "/api/v1/users" for 127.0.0.1 at 2021-11-12 12:33:03 +0200
Processing by Api::V1::UsersController#index as HTML
Completed 500 Internal Server Error in 3ms (Allocations: 451)
  
ActiveRecord::ConnectionNotEstablished (FATAL:  Peer authentication failed for user "rest_api_guide"
):
  
app/controllers/api/v1/users_controller.rb:6:in `index'
I, [2021-11-12T12:33:50.581025 #15422]  INFO -- : [a8f688e4-3a2b-4344-8d22-05fd4865961c] Started GET "/api/v1/users" for 127.0.0.1 at 2021-11-12 12:33:50 +0200
I, [2021-11-12T12:33:50.582953 #15422]  INFO -- : [a8f688e4-3a2b-4344-8d22-05fd4865961c] Processing by Api::V1::UsersController#index as HTML
I, [2021-11-12T12:33:50.586242 #15422]  INFO -- : [a8f688e4-3a2b-4344-8d22-05fd4865961c] Completed 500 Internal Server Error in 3ms (Allocations: 1160)
F, [2021-11-12T12:33:50.586731 #15422] FATAL -- : [a8f688e4-3a2b-4344-8d22-05fd4865961c]   
[a8f688e4-3a2b-4344-8d22-05fd4865961c] ActiveRecord::ConnectionNotEstablished (FATAL:  Peer authentication failed for user "rest_api_guide"
):
[a8f688e4-3a2b-4344-8d22-05fd4865961c]   
[a8f688e4-3a2b-4344-8d22-05fd4865961c] app/controllers/api/v1/users_controller.rb:6:in `index'
